SF:lib\src\data.dart
DA:9,6
DA:22,2
DA:23,10
DA:26,2
DA:28,10
DA:29,4
DA:33,8
DA:38,4
DA:39,6
DA:43,2
DA:48,2
DA:49,1
DA:50,2
DA:51,2
DA:55,3
DA:58,2
DA:59,6
DA:60,6
DA:61,3
DA:62,3
DA:64,1
DA:65,5
DA:67,1
DA:68,2
DA:69,1
DA:70,4
DA:71,4
LF:27
LH:27
end_of_record
SF:lib\src\display_metrics.dart
DA:7,3
DA:17,3
DA:18,6
DA:22,3
DA:23,3
DA:24,3
DA:25,3
DA:26,3
DA:30,2
DA:32,6
LF:10
LH:10
end_of_record
SF:lib\src\display_metrics_widget.dart
DA:11,1
DA:23,1
DA:24,1
DA:30,1
DA:32,1
DA:33,2
DA:35,1
DA:37,2
DA:38,5
DA:42,1
DA:46,2
DA:47,2
DA:49,1
DA:50,1
DA:51,1
DA:56,1
DA:58,1
DA:59,1
DA:60,2
LF:19
LH:19
end_of_record
SF:lib\src\extension.dart
DA:7,1
DA:8,2
DA:9,1
DA:13,1
DA:14,1
DA:15,1
DA:18,1
DA:22,1
DA:23,1
DA:27,1
DA:28,2
DA:29,1
DA:33,1
DA:34,2
DA:37,1
DA:41,2
DA:48,2
DA:51,1
DA:52,3
DA:53,1
DA:54,3
LF:21
LH:21
end_of_record
