SF:lib/src/data.dart
DA:9,6
DA:22,2
DA:23,10
DA:26,2
DA:28,10
DA:29,4
DA:33,8
DA:38,4
DA:39,6
DA:43,2
DA:48,2
DA:49,1
DA:50,2
DA:51,2
DA:55,3
DA:58,3
DA:59,9
DA:60,9
DA:61,3
DA:62,3
DA:64,1
DA:65,5
DA:67,1
DA:68,2
DA:69,1
DA:70,4
DA:71,4
LF:27
LH:27
end_of_record
SF:lib/src/display_metrics.dart
DA:9,3
DA:22,2
DA:24,2
DA:25,2
DA:26,2
DA:27,2
DA:31,3
DA:32,6
DA:36,3
DA:37,3
DA:38,3
DA:39,3
DA:40,3
DA:44,2
DA:46,6
LF:15
LH:15
end_of_record
SF:lib/src/display_metrics_widget.dart
DA:11,2
DA:23,2
DA:24,2
DA:33,2
DA:35,2
DA:36,4
DA:37,6
DA:40,2
DA:42,2
DA:44,4
DA:46,8
DA:49,1
DA:53,2
DA:54,2
DA:55,4
DA:59,2
DA:60,3
DA:61,2
DA:65,1
DA:66,1
DA:67,1
DA:68,1
DA:69,1
DA:73,2
DA:78,2
DA:81,1
DA:82,1
DA:83,1
DA:88,2
DA:90,6
DA:92,4
DA:94,4
DA:96,2
DA:100,1
DA:104,1
DA:109,1
DA:111,1
DA:112,3
DA:114,0
DA:118,2
DA:122,4
DA:123,4
DA:125,2
DA:126,2
DA:127,2
DA:132,1
DA:133,2
DA:134,2
DA:137,2
DA:139,2
DA:140,2
DA:141,2
DA:142,4
LF:53
LH:52
end_of_record
SF:lib/src/extension.dart
DA:7,1
DA:8,2
DA:9,1
DA:13,1
DA:14,1
DA:15,1
DA:18,1
DA:22,1
DA:23,1
DA:27,1
DA:28,2
DA:29,1
DA:33,1
DA:34,2
DA:37,1
DA:41,2
DA:48,3
DA:51,3
DA:52,6
DA:53,3
DA:54,9
LF:21
LH:21
end_of_record
