SF:lib\src\data.dart
DA:7,2
DA:20,1
DA:21,5
DA:24,1
DA:26,5
DA:27,2
DA:31,4
DA:36,2
DA:37,3
DA:40,1
DA:45,1
DA:46,0
DA:47,0
DA:48,0
DA:51,1
DA:54,1
DA:55,3
DA:56,3
DA:57,3
DA:58,3
DA:60,1
DA:61,5
DA:63,1
DA:64,2
DA:65,1
DA:66,4
DA:67,4
LF:27
LH:24
end_of_record
SF:lib\src\display_metrics.dart
DA:10,0
DA:18,0
DA:19,0
DA:22,0
DA:23,0
DA:24,0
DA:28,0
DA:30,0
DA:35,0
DA:46,0
DA:47,0
DA:53,0
DA:55,0
DA:56,0
DA:58,0
DA:60,0
DA:63,0
DA:66,0
DA:70,0
DA:71,0
DA:73,0
DA:74,0
DA:75,0
DA:76,0
DA:82,0
DA:88,0
DA:89,0
DA:90,0
DA:91,0
DA:95,0
DA:97,0
DA:98,0
DA:99,0
LF:33
LH:0
end_of_record
SF:lib\src\extension.dart
DA:6,0
DA:7,0
DA:8,0
DA:12,0
DA:13,0
DA:14,0
DA:17,0
DA:20,0
DA:21,0
DA:25,0
DA:26,0
DA:27,0
DA:31,0
DA:32,0
DA:35,0
DA:38,0
LF:16
LH:0
end_of_record
SF:lib\src\display_metrics_platform_interface.dart
DA:9,3
DA:11,3
DA:13,0
DA:18,0
DA:23,0
DA:24,0
DA:28,0
DA:29,0
DA:32,0
DA:33,0
LF:10
LH:2
end_of_record
SF:lib\src\display_metrics_method_channel.dart
DA:12,1
DA:15,2
DA:17,4
DA:18,3
DA:19,3
DA:24,1
DA:26,1
DA:27,1
DA:29,4
DA:30,3
DA:31,3
LF:11
LH:11
end_of_record
