SF:lib\src\data.dart
DA:7,6
DA:20,2
DA:21,10
DA:24,2
DA:26,10
DA:27,4
DA:31,8
DA:36,4
DA:37,6
DA:40,2
DA:45,2
DA:46,1
DA:47,2
DA:48,2
DA:52,2
DA:55,2
DA:56,6
DA:57,6
DA:58,3
DA:59,3
DA:61,1
DA:62,5
DA:64,1
DA:65,2
DA:66,1
DA:67,4
DA:68,4
LF:27
LH:27
end_of_record
SF:lib\src\display_metrics.dart
DA:5,2
DA:13,2
DA:14,4
DA:17,2
DA:18,2
DA:19,2
DA:23,1
DA:25,3
LF:8
LH:8
end_of_record
SF:lib\src\display_metrics_widget.dart
DA:8,0
DA:19,0
DA:20,0
DA:26,0
DA:28,0
DA:29,0
DA:31,0
DA:33,0
DA:36,0
DA:39,0
DA:43,0
DA:44,0
DA:46,0
DA:47,0
DA:48,0
DA:49,0
DA:55,0
DA:61,0
DA:62,0
DA:63,0
DA:64,0
DA:68,0
DA:70,0
DA:71,0
DA:72,0
LF:25
LH:0
end_of_record
SF:lib\src\extension.dart
DA:6,1
DA:7,2
DA:8,1
DA:12,1
DA:13,1
DA:14,1
DA:17,1
DA:20,1
DA:21,1
DA:25,1
DA:26,2
DA:27,1
DA:31,1
DA:32,2
DA:35,1
DA:38,2
LF:16
LH:16
end_of_record
SF:lib\src\display_metrics_platform_interface.dart
DA:8,6
DA:10,6
DA:12,3
DA:17,2
DA:22,1
DA:23,2
LF:6
LH:6
end_of_record
SF:lib\src\display_metrics_method_channel.dart
DA:11,1
DA:14,2
DA:16,4
DA:17,3
DA:18,3
DA:23,1
DA:25,1
DA:26,1
DA:28,4
DA:29,3
DA:30,3
LF:11
LH:11
end_of_record
